/home/ubuntu/workspace/ros2_ws/install/gazebo_environment/lib/python3.10/site-packages/gazebo_environment/odometry_tf.py
/home/ubuntu/workspace/ros2_ws/install/gazebo_environment/lib/python3.10/site-packages/gazebo_environment/__init__.py
/home/ubuntu/workspace/ros2_ws/install/gazebo_environment/lib/python3.10/site-packages/gazebo_environment/__pycache__/odometry_tf.cpython-310.pyc
/home/ubuntu/workspace/ros2_ws/install/gazebo_environment/lib/python3.10/site-packages/gazebo_environment/__pycache__/__init__.cpython-310.pyc
/home/ubuntu/workspace/ros2_ws/install/gazebo_environment/share/ament_index/resource_index/packages/gazebo_environment
/home/ubuntu/workspace/ros2_ws/install/gazebo_environment/share/gazebo_environment/package.xml
/home/ubuntu/workspace/ros2_ws/install/gazebo_environment/share/gazebo_environment/urdf/common_properties.urdf.xacro
/home/ubuntu/workspace/ros2_ws/install/gazebo_environment/share/gazebo_environment/urdf/diff_drive_robot.urdf
/home/ubuntu/workspace/ros2_ws/install/gazebo_environment/share/gazebo_environment/urdf/oakd.urdf.xacro
/home/ubuntu/workspace/ros2_ws/install/gazebo_environment/share/gazebo_environment/urdf/robot.urdf
/home/ubuntu/workspace/ros2_ws/install/gazebo_environment/share/gazebo_environment/urdf/robott.urdf
/home/ubuntu/workspace/ros2_ws/install/gazebo_environment/share/gazebo_environment/urdf/tutorial_robot.urdf
/home/ubuntu/workspace/ros2_ws/install/gazebo_environment/share/gazebo_environment/meshes/oakd_pro.dae
/home/ubuntu/workspace/ros2_ws/install/gazebo_environment/share/gazebo_environment/meshes/smart_car.obj
/home/ubuntu/workspace/ros2_ws/install/gazebo_environment/share/gazebo_environment/worlds/demo_world.sdf
/home/ubuntu/workspace/ros2_ws/install/gazebo_environment/share/gazebo_environment/worlds/sonoma.sdf
/home/ubuntu/workspace/ros2_ws/install/gazebo_environment/share/gazebo_environment/launch/rviz.launch.py
/home/ubuntu/workspace/ros2_ws/install/gazebo_environment/share/gazebo_environment/launch/simulation.launch.py
/home/ubuntu/workspace/ros2_ws/install/gazebo_environment/share/gazebo_environment/launch/sonoma.launch.py
/home/ubuntu/workspace/ros2_ws/install/gazebo_environment/share/gazebo_environment/rviz/config.rviz
/home/ubuntu/workspace/ros2_ws/install/gazebo_environment/lib/python3.10/site-packages/gazebo_environment-1.0.0-py3.10.egg-info/dependency_links.txt
/home/ubuntu/workspace/ros2_ws/install/gazebo_environment/lib/python3.10/site-packages/gazebo_environment-1.0.0-py3.10.egg-info/entry_points.txt
/home/ubuntu/workspace/ros2_ws/install/gazebo_environment/lib/python3.10/site-packages/gazebo_environment-1.0.0-py3.10.egg-info/PKG-INFO
/home/ubuntu/workspace/ros2_ws/install/gazebo_environment/lib/python3.10/site-packages/gazebo_environment-1.0.0-py3.10.egg-info/requires.txt
/home/ubuntu/workspace/ros2_ws/install/gazebo_environment/lib/python3.10/site-packages/gazebo_environment-1.0.0-py3.10.egg-info/SOURCES.txt
/home/ubuntu/workspace/ros2_ws/install/gazebo_environment/lib/python3.10/site-packages/gazebo_environment-1.0.0-py3.10.egg-info/top_level.txt
/home/ubuntu/workspace/ros2_ws/install/gazebo_environment/lib/python3.10/site-packages/gazebo_environment-1.0.0-py3.10.egg-info/zip-safe
/home/ubuntu/workspace/ros2_ws/install/gazebo_environment/lib/gazebo_environment/odometry_tf
