[0.111s] DEBUG:colcon:Command line arguments: ['/usr/bin/colcon', 'build', '--symlink-install', '--packages-select', 'trajectory_tracking_control']
[0.111s] DEBUG:colcon:Parsed command line arguments: Namespace(log_base=None, log_level=None, verb_name='build', build_base='build', install_base='install', merge_install=False, symlink_install=True, test_result_base=None, continue_on_error=False, executor='parallel', parallel_workers=12, event_handlers=None, ignore_user_meta=False, metas=['./colcon.meta'], base_paths=['.'], packages_ignore=None, packages_ignore_regex=None, paths=None, packages_up_to=None, packages_up_to_regex=None, packages_above=None, packages_above_and_dependencies=None, packages_above_depth=None, packages_select_by_dep=None, packages_skip_by_dep=None, packages_skip_up_to=None, packages_select_build_failed=False, packages_skip_build_finished=False, packages_select_test_failures=False, packages_skip_test_passed=False, packages_select=['trajectory_tracking_control'], packages_skip=None, packages_select_regex=None, packages_skip_regex=None, packages_start=None, packages_end=None, allow_overriding=[], cmake_args=None, cmake_target=None, cmake_target_skip_unavailable=False, cmake_clean_cache=False, cmake_clean_first=False, cmake_force_configure=False, ament_cmake_args=None, catkin_cmake_args=None, catkin_skip_building_tests=False, verb_parser=<colcon_defaults.argument_parser.defaults.DefaultArgumentsDecorator object at 0x7fa1c34e40d0>, verb_extension=<colcon_core.verb.build.BuildVerb object at 0x7fa1c34b7b20>, main=<bound method BuildVerb.main of <colcon_core.verb.build.BuildVerb object at 0x7fa1c34b7b20>>)
[0.308s] Level 1:colcon.colcon_core.package_discovery:discover_packages(colcon_meta) check parameters
[0.309s] Level 1:colcon.colcon_core.package_discovery:discover_packages(recursive) check parameters
[0.309s] Level 1:colcon.colcon_core.package_discovery:discover_packages(ignore) check parameters
[0.310s] Level 1:colcon.colcon_core.package_discovery:discover_packages(path) check parameters
[0.310s] Level 1:colcon.colcon_core.package_discovery:discover_packages(colcon_meta) discover
[0.310s] Level 1:colcon.colcon_core.package_discovery:discover_packages(recursive) discover
[0.310s] INFO:colcon.colcon_core.package_discovery:Crawling recursively for packages in '/home/ubuntu/workspace/ros2_ws'
[0.312s] Level 1:colcon.colcon_core.package_identification:_identify(.) by extensions ['ignore', 'ignore_ament_install']
[0.312s] Level 1:colcon.colcon_core.package_identification:_identify(.) by extension 'ignore'
[0.312s] Level 1:colcon.colcon_core.package_identification:_identify(.) by extension 'ignore_ament_install'
[0.313s] Level 1:colcon.colcon_core.package_identification:_identify(.) by extensions ['colcon_pkg']
[0.313s] Level 1:colcon.colcon_core.package_identification:_identify(.) by extension 'colcon_pkg'
[0.314s] Level 1:colcon.colcon_core.package_identification:_identify(.) by extensions ['colcon_meta']
[0.314s] Level 1:colcon.colcon_core.package_identification:_identify(.) by extension 'colcon_meta'
[0.314s] Level 1:colcon.colcon_core.package_identification:_identify(.) by extensions ['ros']
[0.314s] Level 1:colcon.colcon_core.package_identification:_identify(.) by extension 'ros'
[0.326s] Level 1:colcon.colcon_core.package_identification:_identify(.) by extensions ['cmake', 'python']
[0.326s] Level 1:colcon.colcon_core.package_identification:_identify(.) by extension 'cmake'
[0.327s] Level 1:colcon.colcon_core.package_identification:_identify(.) by extension 'python'
[0.327s] Level 1:colcon.colcon_core.package_identification:_identify(.) by extensions ['python_setup_py']
[0.327s] Level 1:colcon.colcon_core.package_identification:_identify(.) by extension 'python_setup_py'
[0.330s] Level 1:colcon.colcon_core.package_identification:_identify(build) by extensions ['ignore', 'ignore_ament_install']
[0.330s] Level 1:colcon.colcon_core.package_identification:_identify(build) by extension 'ignore'
[0.331s] Level 1:colcon.colcon_core.package_identification:_identify(build) ignored
[0.334s] Level 1:colcon.colcon_core.package_identification:_identify(install) by extensions ['ignore', 'ignore_ament_install']
[0.334s] Level 1:colcon.colcon_core.package_identification:_identify(install) by extension 'ignore'
[0.336s] Level 1:colcon.colcon_core.package_identification:_identify(install) ignored
[0.340s] Level 1:colcon.colcon_core.package_identification:_identify(log) by extensions ['ignore', 'ignore_ament_install']
[0.340s] Level 1:colcon.colcon_core.package_identification:_identify(log) by extension 'ignore'
[0.341s] Level 1:colcon.colcon_core.package_identification:_identify(log) ignored
[0.343s] Level 1:colcon.colcon_core.package_identification:_identify(src) by extensions ['ignore', 'ignore_ament_install']
[0.343s] Level 1:colcon.colcon_core.package_identification:_identify(src) by extension 'ignore'
[0.343s] Level 1:colcon.colcon_core.package_identification:_identify(src) by extension 'ignore_ament_install'
[0.344s] Level 1:colcon.colcon_core.package_identification:_identify(src) by extensions ['colcon_pkg']
[0.344s] Level 1:colcon.colcon_core.package_identification:_identify(src) by extension 'colcon_pkg'
[0.344s] Level 1:colcon.colcon_core.package_identification:_identify(src) by extensions ['colcon_meta']
[0.345s] Level 1:colcon.colcon_core.package_identification:_identify(src) by extension 'colcon_meta'
[0.345s] Level 1:colcon.colcon_core.package_identification:_identify(src) by extensions ['ros']
[0.345s] Level 1:colcon.colcon_core.package_identification:_identify(src) by extension 'ros'
[0.346s] Level 1:colcon.colcon_core.package_identification:_identify(src) by extensions ['cmake', 'python']
[0.346s] Level 1:colcon.colcon_core.package_identification:_identify(src) by extension 'cmake'
[0.347s] Level 1:colcon.colcon_core.package_identification:_identify(src) by extension 'python'
[0.347s] Level 1:colcon.colcon_core.package_identification:_identify(src) by extensions ['python_setup_py']
[0.347s] Level 1:colcon.colcon_core.package_identification:_identify(src) by extension 'python_setup_py'
[0.350s] Level 1:colcon.colcon_core.package_identification:_identify(src/gazebo_environment) by extensions ['ignore', 'ignore_ament_install']
[0.351s] Level 1:colcon.colcon_core.package_identification:_identify(src/gazebo_environment) by extension 'ignore'
[0.351s] Level 1:colcon.colcon_core.package_identification:_identify(src/gazebo_environment) by extension 'ignore_ament_install'
[0.353s] Level 1:colcon.colcon_core.package_identification:_identify(src/gazebo_environment) by extensions ['colcon_pkg']
[0.353s] Level 1:colcon.colcon_core.package_identification:_identify(src/gazebo_environment) by extension 'colcon_pkg'
[0.354s] Level 1:colcon.colcon_core.package_identification:_identify(src/gazebo_environment) by extensions ['colcon_meta']
[0.354s] Level 1:colcon.colcon_core.package_identification:_identify(src/gazebo_environment) by extension 'colcon_meta'
[0.355s] Level 1:colcon.colcon_core.package_identification:_identify(src/gazebo_environment) by extensions ['ros']
[0.355s] Level 1:colcon.colcon_core.package_identification:_identify(src/gazebo_environment) by extension 'ros'
[0.367s] DEBUG:colcon.colcon_core.package_identification:Package 'src/gazebo_environment' with type 'ros.ament_python' and name 'gazebo_environment'
[0.369s] Level 1:colcon.colcon_core.package_identification:_identify(src/trajectory_tracking_control) by extensions ['ignore', 'ignore_ament_install']
[0.369s] Level 1:colcon.colcon_core.package_identification:_identify(src/trajectory_tracking_control) by extension 'ignore'
[0.370s] Level 1:colcon.colcon_core.package_identification:_identify(src/trajectory_tracking_control) by extension 'ignore_ament_install'
[0.370s] Level 1:colcon.colcon_core.package_identification:_identify(src/trajectory_tracking_control) by extensions ['colcon_pkg']
[0.371s] Level 1:colcon.colcon_core.package_identification:_identify(src/trajectory_tracking_control) by extension 'colcon_pkg'
[0.371s] Level 1:colcon.colcon_core.package_identification:_identify(src/trajectory_tracking_control) by extensions ['colcon_meta']
[0.371s] Level 1:colcon.colcon_core.package_identification:_identify(src/trajectory_tracking_control) by extension 'colcon_meta'
[0.372s] Level 1:colcon.colcon_core.package_identification:_identify(src/trajectory_tracking_control) by extensions ['ros']
[0.372s] Level 1:colcon.colcon_core.package_identification:_identify(src/trajectory_tracking_control) by extension 'ros'
[0.378s] DEBUG:colcon.colcon_core.package_identification:Package 'src/trajectory_tracking_control' with type 'ros.ament_python' and name 'trajectory_tracking_control'
[0.378s] Level 1:colcon.colcon_core.package_discovery:discover_packages(recursive) using defaults
[0.378s] Level 1:colcon.colcon_core.package_discovery:discover_packages(ignore) discover
[0.378s] Level 1:colcon.colcon_core.package_discovery:discover_packages(ignore) using defaults
[0.378s] Level 1:colcon.colcon_core.package_discovery:discover_packages(path) discover
[0.379s] Level 1:colcon.colcon_core.package_discovery:discover_packages(path) using defaults
[0.406s] INFO:colcon.colcon_core.package_selection:Skipping not selected package 'gazebo_environment' in 'src/gazebo_environment'
[0.407s] Level 1:colcon.colcon_core.package_discovery:discover_packages(prefix_path) check parameters
[0.407s] Level 1:colcon.colcon_core.package_discovery:discover_packages(prefix_path) discover
[0.417s] WARNING:colcon.colcon_ros.prefix_path.ament:The path '/home/ubuntu/workspace/ros2_ws/install/gazebo_environment' in the environment variable AMENT_PREFIX_PATH doesn't exist
[0.418s] WARNING:colcon.colcon_ros.prefix_path.ament:The path '/home/ubuntu/workspace/ros2_ws/install/trajectory_tracking_control' in the environment variable AMENT_PREFIX_PATH doesn't exist
[0.430s] DEBUG:colcon.colcon_installed_package_information.package_discovery:Found 0 installed packages in /home/ubuntu/workspace/ros2_ws/install
[0.432s] DEBUG:colcon.colcon_installed_package_information.package_discovery:Found 326 installed packages in /opt/ros/humble
[0.433s] Level 1:colcon.colcon_core.package_discovery:discover_packages(prefix_path) using defaults
[0.484s] Level 5:colcon.colcon_core.verb:set package 'trajectory_tracking_control' build argument 'cmake_args' from command line to 'None'
[0.484s] Level 5:colcon.colcon_core.verb:set package 'trajectory_tracking_control' build argument 'cmake_target' from command line to 'None'
[0.485s] Level 5:colcon.colcon_core.verb:set package 'trajectory_tracking_control' build argument 'cmake_target_skip_unavailable' from command line to 'False'
[0.485s] Level 5:colcon.colcon_core.verb:set package 'trajectory_tracking_control' build argument 'cmake_clean_cache' from command line to 'False'
[0.485s] Level 5:colcon.colcon_core.verb:set package 'trajectory_tracking_control' build argument 'cmake_clean_first' from command line to 'False'
[0.486s] Level 5:colcon.colcon_core.verb:set package 'trajectory_tracking_control' build argument 'cmake_force_configure' from command line to 'False'
[0.486s] Level 5:colcon.colcon_core.verb:set package 'trajectory_tracking_control' build argument 'ament_cmake_args' from command line to 'None'
[0.486s] Level 5:colcon.colcon_core.verb:set package 'trajectory_tracking_control' build argument 'catkin_cmake_args' from command line to 'None'
[0.486s] Level 5:colcon.colcon_core.verb:set package 'trajectory_tracking_control' build argument 'catkin_skip_building_tests' from command line to 'False'
[0.487s] DEBUG:colcon.colcon_core.verb:Building package 'trajectory_tracking_control' with the following arguments: {'ament_cmake_args': None, 'build_base': '/home/ubuntu/workspace/ros2_ws/build/trajectory_tracking_control', 'catkin_cmake_args': None, 'catkin_skip_building_tests': False, 'cmake_args': None, 'cmake_clean_cache': False, 'cmake_clean_first': False, 'cmake_force_configure': False, 'cmake_target': None, 'cmake_target_skip_unavailable': False, 'install_base': '/home/ubuntu/workspace/ros2_ws/install/trajectory_tracking_control', 'merge_install': False, 'path': '/home/ubuntu/workspace/ros2_ws/src/trajectory_tracking_control', 'symlink_install': True, 'test_result_base': None}
[0.487s] INFO:colcon.colcon_core.executor:Executing jobs using 'parallel' executor
[0.488s] DEBUG:colcon.colcon_parallel_executor.executor.parallel:run_until_complete
[0.489s] INFO:colcon.colcon_ros.task.ament_python.build:Building ROS package in '/home/ubuntu/workspace/ros2_ws/src/trajectory_tracking_control' with build type 'ament_python'
[0.489s] Level 1:colcon.colcon_core.shell:create_environment_hook('trajectory_tracking_control', 'ament_prefix_path')
[0.492s] INFO:colcon.colcon_core.plugin_system:Skipping extension 'colcon_core.shell.bat': Not used on non-Windows systems
[0.492s] INFO:colcon.colcon_core.shell:Creating environment hook '/home/ubuntu/workspace/ros2_ws/install/trajectory_tracking_control/share/trajectory_tracking_control/hook/ament_prefix_path.ps1'
[0.510s] INFO:colcon.colcon_core.shell:Creating environment descriptor '/home/ubuntu/workspace/ros2_ws/install/trajectory_tracking_control/share/trajectory_tracking_control/hook/ament_prefix_path.dsv'
[0.524s] INFO:colcon.colcon_core.shell:Creating environment hook '/home/ubuntu/workspace/ros2_ws/install/trajectory_tracking_control/share/trajectory_tracking_control/hook/ament_prefix_path.sh'
[0.538s] INFO:colcon.colcon_core.shell:Skip shell extension 'powershell' for command environment: Not usable outside of PowerShell
[0.539s] DEBUG:colcon.colcon_core.shell:Skip shell extension 'dsv' for command environment
[1.025s] INFO:colcon.colcon_core.task.python.build:Building Python package in '/home/ubuntu/workspace/ros2_ws/src/trajectory_tracking_control'
[1.026s] INFO:colcon.colcon_core.shell:Skip shell extension 'powershell' for command environment: Not usable outside of PowerShell
[1.026s] DEBUG:colcon.colcon_core.shell:Skip shell extension 'dsv' for command environment
[2.380s] DEBUG:colcon.colcon_core.event_handler.log_command:Invoking command in '/home/ubuntu/workspace/ros2_ws/build/trajectory_tracking_control': PYTHONPATH=/home/ubuntu/workspace/ros2_ws/build/trajectory_tracking_control/prefix_override:/usr/lib/python3/dist-packages/colcon_core/task/python/colcon_distutils_commands:/home/ubuntu/workspace/ros2_ws/install/trajectory_tracking_control/lib/python3.10/site-packages:${PYTHONPATH} /usr/bin/python3 -W ignore:setup.py install is deprecated -W ignore:easy_install command is deprecated setup.py develop --editable --build-directory /home/ubuntu/workspace/ros2_ws/build/trajectory_tracking_control/build --no-deps symlink_data
[3.867s] Level 1:colcon.colcon_core.shell:create_environment_hook('trajectory_tracking_control', 'pythonpath_develop')
[3.867s] INFO:colcon.colcon_core.shell:Creating environment hook '/home/ubuntu/workspace/ros2_ws/build/trajectory_tracking_control/share/trajectory_tracking_control/hook/pythonpath_develop.ps1'
[3.868s] DEBUG:colcon.colcon_core.event_handler.log_command:Invoked command in '/home/ubuntu/workspace/ros2_ws/build/trajectory_tracking_control' returned '0': PYTHONPATH=/home/ubuntu/workspace/ros2_ws/build/trajectory_tracking_control/prefix_override:/usr/lib/python3/dist-packages/colcon_core/task/python/colcon_distutils_commands:/home/ubuntu/workspace/ros2_ws/install/trajectory_tracking_control/lib/python3.10/site-packages:${PYTHONPATH} /usr/bin/python3 -W ignore:setup.py install is deprecated -W ignore:easy_install command is deprecated setup.py develop --editable --build-directory /home/ubuntu/workspace/ros2_ws/build/trajectory_tracking_control/build --no-deps symlink_data
[3.885s] INFO:colcon.colcon_core.shell:Creating environment descriptor '/home/ubuntu/workspace/ros2_ws/build/trajectory_tracking_control/share/trajectory_tracking_control/hook/pythonpath_develop.dsv'
[3.898s] INFO:colcon.colcon_core.shell:Creating environment hook '/home/ubuntu/workspace/ros2_ws/build/trajectory_tracking_control/share/trajectory_tracking_control/hook/pythonpath_develop.sh'
[3.915s] Level 1:colcon.colcon_core.environment:checking '/home/ubuntu/workspace/ros2_ws/install/trajectory_tracking_control' for CMake module files
[3.970s] Level 1:colcon.colcon_core.environment:checking '/home/ubuntu/workspace/ros2_ws/install/trajectory_tracking_control' for CMake config files
[4.052s] Level 1:colcon.colcon_core.environment:checking '/home/ubuntu/workspace/ros2_ws/install/trajectory_tracking_control/lib'
[4.057s] Level 1:colcon.colcon_core.environment:checking '/home/ubuntu/workspace/ros2_ws/install/trajectory_tracking_control/bin'
[4.058s] Level 1:colcon.colcon_core.environment:checking '/home/ubuntu/workspace/ros2_ws/install/trajectory_tracking_control/lib/pkgconfig/trajectory_tracking_control.pc'
[4.060s] Level 1:colcon.colcon_core.environment:checking '/home/ubuntu/workspace/ros2_ws/install/trajectory_tracking_control/lib/python3.10/site-packages'
[4.063s] Level 1:colcon.colcon_core.shell:create_environment_hook('trajectory_tracking_control', 'pythonpath')
[4.064s] INFO:colcon.colcon_core.shell:Creating environment hook '/home/ubuntu/workspace/ros2_ws/install/trajectory_tracking_control/share/trajectory_tracking_control/hook/pythonpath.ps1'
[4.078s] INFO:colcon.colcon_core.shell:Creating environment descriptor '/home/ubuntu/workspace/ros2_ws/install/trajectory_tracking_control/share/trajectory_tracking_control/hook/pythonpath.dsv'
[4.092s] INFO:colcon.colcon_core.shell:Creating environment hook '/home/ubuntu/workspace/ros2_ws/install/trajectory_tracking_control/share/trajectory_tracking_control/hook/pythonpath.sh'
[4.106s] Level 1:colcon.colcon_core.environment:checking '/home/ubuntu/workspace/ros2_ws/install/trajectory_tracking_control/bin'
[4.107s] Level 1:colcon.colcon_core.environment:create_environment_scripts_only(trajectory_tracking_control)
[4.107s] INFO:colcon.colcon_core.shell:Creating package script '/home/ubuntu/workspace/ros2_ws/install/trajectory_tracking_control/share/trajectory_tracking_control/package.ps1'
[4.120s] INFO:colcon.colcon_core.shell:Creating package descriptor '/home/ubuntu/workspace/ros2_ws/install/trajectory_tracking_control/share/trajectory_tracking_control/package.dsv'
[4.132s] INFO:colcon.colcon_core.shell:Creating package script '/home/ubuntu/workspace/ros2_ws/install/trajectory_tracking_control/share/trajectory_tracking_control/package.sh'
[4.144s] INFO:colcon.colcon_core.shell:Creating package script '/home/ubuntu/workspace/ros2_ws/install/trajectory_tracking_control/share/trajectory_tracking_control/package.bash'
[4.155s] INFO:colcon.colcon_core.shell:Creating package script '/home/ubuntu/workspace/ros2_ws/install/trajectory_tracking_control/share/trajectory_tracking_control/package.zsh'
[4.168s] Level 1:colcon.colcon_core.environment:create_file_with_runtime_dependencies(/home/ubuntu/workspace/ros2_ws/install/trajectory_tracking_control/share/colcon-core/packages/trajectory_tracking_control)
[4.179s] DEBUG:colcon.colcon_parallel_executor.executor.parallel:closing loop
[4.180s] DEBUG:colcon.colcon_parallel_executor.executor.parallel:loop closed
[4.180s] DEBUG:colcon.colcon_parallel_executor.executor.parallel:run_until_complete finished with '0'
[4.180s] DEBUG:colcon.colcon_core.event_reactor:joining thread
[4.192s] INFO:colcon.colcon_core.plugin_system:Skipping extension 'colcon_notification.desktop_notification.terminal_notifier': Not used on non-Darwin systems
[4.192s] INFO:colcon.colcon_core.plugin_system:Skipping extension 'colcon_notification.desktop_notification.win32': Not used on non-Windows systems
[4.193s] INFO:colcon.colcon_notification.desktop_notification:Sending desktop notification using 'notify2'
[4.350s] DEBUG:colcon.colcon_core.event_reactor:joined thread
[4.351s] INFO:colcon.colcon_core.shell:Creating prefix script '/home/ubuntu/workspace/ros2_ws/install/local_setup.ps1'
[4.357s] INFO:colcon.colcon_core.shell:Creating prefix util module '/home/ubuntu/workspace/ros2_ws/install/_local_setup_util_ps1.py'
[4.362s] INFO:colcon.colcon_core.shell:Creating prefix chain script '/home/ubuntu/workspace/ros2_ws/install/setup.ps1'
[4.376s] INFO:colcon.colcon_core.shell:Creating prefix script '/home/ubuntu/workspace/ros2_ws/install/local_setup.sh'
[4.380s] INFO:colcon.colcon_core.shell:Creating prefix util module '/home/ubuntu/workspace/ros2_ws/install/_local_setup_util_sh.py'
[4.385s] INFO:colcon.colcon_core.shell:Creating prefix chain script '/home/ubuntu/workspace/ros2_ws/install/setup.sh'
[4.398s] INFO:colcon.colcon_core.shell:Creating prefix script '/home/ubuntu/workspace/ros2_ws/install/local_setup.bash'
[4.403s] INFO:colcon.colcon_core.shell:Creating prefix chain script '/home/ubuntu/workspace/ros2_ws/install/setup.bash'
[4.416s] INFO:colcon.colcon_core.shell:Creating prefix script '/home/ubuntu/workspace/ros2_ws/install/local_setup.zsh'
[4.420s] INFO:colcon.colcon_core.shell:Creating prefix chain script '/home/ubuntu/workspace/ros2_ws/install/setup.zsh'
