[0.506s] DEBUG:colcon:Command line arguments: ['/usr/bin/colcon', 'build']
[0.506s] DEBUG:colcon:Parsed command line arguments: Namespace(log_base=None, log_level=None, verb_name='build', build_base='build', install_base='install', merge_install=False, symlink_install=False, test_result_base=None, continue_on_error=False, executor='parallel', parallel_workers=12, event_handlers=None, ignore_user_meta=False, metas=['./colcon.meta'], base_paths=['.'], packages_ignore=None, packages_ignore_regex=None, paths=None, packages_up_to=None, packages_up_to_regex=None, packages_above=None, packages_above_and_dependencies=None, packages_above_depth=None, packages_select_by_dep=None, packages_skip_by_dep=None, packages_skip_up_to=None, packages_select_build_failed=False, packages_skip_build_finished=False, packages_select_test_failures=False, packages_skip_test_passed=False, packages_select=None, packages_skip=None, packages_select_regex=None, packages_skip_regex=None, packages_start=None, packages_end=None, allow_overriding=[], cmake_args=None, cmake_target=None, cmake_target_skip_unavailable=False, cmake_clean_cache=False, cmake_clean_first=False, cmake_force_configure=False, ament_cmake_args=None, catkin_cmake_args=None, catkin_skip_building_tests=False, verb_parser=<colcon_defaults.argument_parser.defaults.DefaultArgumentsDecorator object at 0x7f078bcac610>, verb_extension=<colcon_core.verb.build.BuildVerb object at 0x7f078bc77fd0>, main=<bound method BuildVerb.main of <colcon_core.verb.build.BuildVerb object at 0x7f078bc77fd0>>)
[0.926s] Level 1:colcon.colcon_core.package_discovery:discover_packages(colcon_meta) check parameters
[0.926s] Level 1:colcon.colcon_core.package_discovery:discover_packages(recursive) check parameters
[0.927s] Level 1:colcon.colcon_core.package_discovery:discover_packages(ignore) check parameters
[0.927s] Level 1:colcon.colcon_core.package_discovery:discover_packages(path) check parameters
[0.927s] Level 1:colcon.colcon_core.package_discovery:discover_packages(colcon_meta) discover
[0.927s] Level 1:colcon.colcon_core.package_discovery:discover_packages(recursive) discover
[0.927s] INFO:colcon.colcon_core.package_discovery:Crawling recursively for packages in '/home/ubuntu/workspace/ros2_ws'
[0.929s] Level 1:colcon.colcon_core.package_identification:_identify(.) by extensions ['ignore', 'ignore_ament_install']
[0.929s] Level 1:colcon.colcon_core.package_identification:_identify(.) by extension 'ignore'
[0.929s] Level 1:colcon.colcon_core.package_identification:_identify(.) by extension 'ignore_ament_install'
[0.930s] Level 1:colcon.colcon_core.package_identification:_identify(.) by extensions ['colcon_pkg']
[0.930s] Level 1:colcon.colcon_core.package_identification:_identify(.) by extension 'colcon_pkg'
[0.931s] Level 1:colcon.colcon_core.package_identification:_identify(.) by extensions ['colcon_meta']
[0.931s] Level 1:colcon.colcon_core.package_identification:_identify(.) by extension 'colcon_meta'
[0.931s] Level 1:colcon.colcon_core.package_identification:_identify(.) by extensions ['ros']
[0.931s] Level 1:colcon.colcon_core.package_identification:_identify(.) by extension 'ros'
[0.949s] Level 1:colcon.colcon_core.package_identification:_identify(.) by extensions ['cmake', 'python']
[0.949s] Level 1:colcon.colcon_core.package_identification:_identify(.) by extension 'cmake'
[0.950s] Level 1:colcon.colcon_core.package_identification:_identify(.) by extension 'python'
[0.950s] Level 1:colcon.colcon_core.package_identification:_identify(.) by extensions ['python_setup_py']
[0.950s] Level 1:colcon.colcon_core.package_identification:_identify(.) by extension 'python_setup_py'
[0.953s] Level 1:colcon.colcon_core.package_identification:_identify(build) by extensions ['ignore', 'ignore_ament_install']
[0.953s] Level 1:colcon.colcon_core.package_identification:_identify(build) by extension 'ignore'
[0.955s] Level 1:colcon.colcon_core.package_identification:_identify(build) ignored
[0.957s] Level 1:colcon.colcon_core.package_identification:_identify(install) by extensions ['ignore', 'ignore_ament_install']
[0.957s] Level 1:colcon.colcon_core.package_identification:_identify(install) by extension 'ignore'
[0.959s] Level 1:colcon.colcon_core.package_identification:_identify(install) ignored
[0.963s] Level 1:colcon.colcon_core.package_identification:_identify(log) by extensions ['ignore', 'ignore_ament_install']
[0.963s] Level 1:colcon.colcon_core.package_identification:_identify(log) by extension 'ignore'
[0.964s] Level 1:colcon.colcon_core.package_identification:_identify(log) ignored
[0.965s] Level 1:colcon.colcon_core.package_identification:_identify(src) by extensions ['ignore', 'ignore_ament_install']
[0.965s] Level 1:colcon.colcon_core.package_identification:_identify(src) by extension 'ignore'
[0.966s] Level 1:colcon.colcon_core.package_identification:_identify(src) by extension 'ignore_ament_install'
[0.966s] Level 1:colcon.colcon_core.package_identification:_identify(src) by extensions ['colcon_pkg']
[0.967s] Level 1:colcon.colcon_core.package_identification:_identify(src) by extension 'colcon_pkg'
[0.967s] Level 1:colcon.colcon_core.package_identification:_identify(src) by extensions ['colcon_meta']
[0.967s] Level 1:colcon.colcon_core.package_identification:_identify(src) by extension 'colcon_meta'
[0.968s] Level 1:colcon.colcon_core.package_identification:_identify(src) by extensions ['ros']
[0.968s] Level 1:colcon.colcon_core.package_identification:_identify(src) by extension 'ros'
[0.970s] Level 1:colcon.colcon_core.package_identification:_identify(src) by extensions ['cmake', 'python']
[0.970s] Level 1:colcon.colcon_core.package_identification:_identify(src) by extension 'cmake'
[0.970s] Level 1:colcon.colcon_core.package_identification:_identify(src) by extension 'python'
[0.971s] Level 1:colcon.colcon_core.package_identification:_identify(src) by extensions ['python_setup_py']
[0.971s] Level 1:colcon.colcon_core.package_identification:_identify(src) by extension 'python_setup_py'
[0.975s] Level 1:colcon.colcon_core.package_identification:_identify(src/gazebo_environment) by extensions ['ignore', 'ignore_ament_install']
[0.975s] Level 1:colcon.colcon_core.package_identification:_identify(src/gazebo_environment) by extension 'ignore'
[0.976s] Level 1:colcon.colcon_core.package_identification:_identify(src/gazebo_environment) by extension 'ignore_ament_install'
[0.978s] Level 1:colcon.colcon_core.package_identification:_identify(src/gazebo_environment) by extensions ['colcon_pkg']
[0.978s] Level 1:colcon.colcon_core.package_identification:_identify(src/gazebo_environment) by extension 'colcon_pkg'
[0.979s] Level 1:colcon.colcon_core.package_identification:_identify(src/gazebo_environment) by extensions ['colcon_meta']
[0.979s] Level 1:colcon.colcon_core.package_identification:_identify(src/gazebo_environment) by extension 'colcon_meta'
[0.980s] Level 1:colcon.colcon_core.package_identification:_identify(src/gazebo_environment) by extensions ['ros']
[0.980s] Level 1:colcon.colcon_core.package_identification:_identify(src/gazebo_environment) by extension 'ros'
[0.991s] DEBUG:colcon.colcon_core.package_identification:Package 'src/gazebo_environment' with type 'ros.ament_python' and name 'gazebo_environment'
[0.993s] Level 1:colcon.colcon_core.package_identification:_identify(src/trajectory_tracking_control) by extensions ['ignore', 'ignore_ament_install']
[0.994s] Level 1:colcon.colcon_core.package_identification:_identify(src/trajectory_tracking_control) by extension 'ignore'
[0.994s] Level 1:colcon.colcon_core.package_identification:_identify(src/trajectory_tracking_control) by extension 'ignore_ament_install'
[0.994s] Level 1:colcon.colcon_core.package_identification:_identify(src/trajectory_tracking_control) by extensions ['colcon_pkg']
[0.995s] Level 1:colcon.colcon_core.package_identification:_identify(src/trajectory_tracking_control) by extension 'colcon_pkg'
[0.995s] Level 1:colcon.colcon_core.package_identification:_identify(src/trajectory_tracking_control) by extensions ['colcon_meta']
[0.995s] Level 1:colcon.colcon_core.package_identification:_identify(src/trajectory_tracking_control) by extension 'colcon_meta'
[0.996s] Level 1:colcon.colcon_core.package_identification:_identify(src/trajectory_tracking_control) by extensions ['ros']
[0.996s] Level 1:colcon.colcon_core.package_identification:_identify(src/trajectory_tracking_control) by extension 'ros'
[1.002s] DEBUG:colcon.colcon_core.package_identification:Package 'src/trajectory_tracking_control' with type 'ros.ament_python' and name 'trajectory_tracking_control'
[1.002s] Level 1:colcon.colcon_core.package_discovery:discover_packages(recursive) using defaults
[1.002s] Level 1:colcon.colcon_core.package_discovery:discover_packages(ignore) discover
[1.002s] Level 1:colcon.colcon_core.package_discovery:discover_packages(ignore) using defaults
[1.003s] Level 1:colcon.colcon_core.package_discovery:discover_packages(path) discover
[1.003s] Level 1:colcon.colcon_core.package_discovery:discover_packages(path) using defaults
[1.119s] Level 1:colcon.colcon_core.package_discovery:discover_packages(prefix_path) check parameters
[1.120s] Level 1:colcon.colcon_core.package_discovery:discover_packages(prefix_path) discover
[1.167s] DEBUG:colcon.colcon_installed_package_information.package_discovery:Found 2 installed packages in /home/ubuntu/workspace/ros2_ws/install
[1.169s] DEBUG:colcon.colcon_installed_package_information.package_discovery:Found 326 installed packages in /opt/ros/humble
[1.171s] Level 1:colcon.colcon_core.package_discovery:discover_packages(prefix_path) using defaults
[1.247s] Level 5:colcon.colcon_core.verb:set package 'gazebo_environment' build argument 'cmake_args' from command line to 'None'
[1.247s] Level 5:colcon.colcon_core.verb:set package 'gazebo_environment' build argument 'cmake_target' from command line to 'None'
[1.247s] Level 5:colcon.colcon_core.verb:set package 'gazebo_environment' build argument 'cmake_target_skip_unavailable' from command line to 'False'
[1.248s] Level 5:colcon.colcon_core.verb:set package 'gazebo_environment' build argument 'cmake_clean_cache' from command line to 'False'
[1.248s] Level 5:colcon.colcon_core.verb:set package 'gazebo_environment' build argument 'cmake_clean_first' from command line to 'False'
[1.248s] Level 5:colcon.colcon_core.verb:set package 'gazebo_environment' build argument 'cmake_force_configure' from command line to 'False'
[1.248s] Level 5:colcon.colcon_core.verb:set package 'gazebo_environment' build argument 'ament_cmake_args' from command line to 'None'
[1.248s] Level 5:colcon.colcon_core.verb:set package 'gazebo_environment' build argument 'catkin_cmake_args' from command line to 'None'
[1.249s] Level 5:colcon.colcon_core.verb:set package 'gazebo_environment' build argument 'catkin_skip_building_tests' from command line to 'False'
[1.249s] DEBUG:colcon.colcon_core.verb:Building package 'gazebo_environment' with the following arguments: {'ament_cmake_args': None, 'build_base': '/home/ubuntu/workspace/ros2_ws/build/gazebo_environment', 'catkin_cmake_args': None, 'catkin_skip_building_tests': False, 'cmake_args': None, 'cmake_clean_cache': False, 'cmake_clean_first': False, 'cmake_force_configure': False, 'cmake_target': None, 'cmake_target_skip_unavailable': False, 'install_base': '/home/ubuntu/workspace/ros2_ws/install/gazebo_environment', 'merge_install': False, 'path': '/home/ubuntu/workspace/ros2_ws/src/gazebo_environment', 'symlink_install': False, 'test_result_base': None}
[1.249s] Level 5:colcon.colcon_core.verb:set package 'trajectory_tracking_control' build argument 'cmake_args' from command line to 'None'
[1.250s] Level 5:colcon.colcon_core.verb:set package 'trajectory_tracking_control' build argument 'cmake_target' from command line to 'None'
[1.250s] Level 5:colcon.colcon_core.verb:set package 'trajectory_tracking_control' build argument 'cmake_target_skip_unavailable' from command line to 'False'
[1.250s] Level 5:colcon.colcon_core.verb:set package 'trajectory_tracking_control' build argument 'cmake_clean_cache' from command line to 'False'
[1.250s] Level 5:colcon.colcon_core.verb:set package 'trajectory_tracking_control' build argument 'cmake_clean_first' from command line to 'False'
[1.250s] Level 5:colcon.colcon_core.verb:set package 'trajectory_tracking_control' build argument 'cmake_force_configure' from command line to 'False'
[1.251s] Level 5:colcon.colcon_core.verb:set package 'trajectory_tracking_control' build argument 'ament_cmake_args' from command line to 'None'
[1.251s] Level 5:colcon.colcon_core.verb:set package 'trajectory_tracking_control' build argument 'catkin_cmake_args' from command line to 'None'
[1.251s] Level 5:colcon.colcon_core.verb:set package 'trajectory_tracking_control' build argument 'catkin_skip_building_tests' from command line to 'False'
[1.251s] DEBUG:colcon.colcon_core.verb:Building package 'trajectory_tracking_control' with the following arguments: {'ament_cmake_args': None, 'build_base': '/home/ubuntu/workspace/ros2_ws/build/trajectory_tracking_control', 'catkin_cmake_args': None, 'catkin_skip_building_tests': False, 'cmake_args': None, 'cmake_clean_cache': False, 'cmake_clean_first': False, 'cmake_force_configure': False, 'cmake_target': None, 'cmake_target_skip_unavailable': False, 'install_base': '/home/ubuntu/workspace/ros2_ws/install/trajectory_tracking_control', 'merge_install': False, 'path': '/home/ubuntu/workspace/ros2_ws/src/trajectory_tracking_control', 'symlink_install': False, 'test_result_base': None}
[1.252s] INFO:colcon.colcon_core.executor:Executing jobs using 'parallel' executor
[1.253s] DEBUG:colcon.colcon_parallel_executor.executor.parallel:run_until_complete
[1.253s] INFO:colcon.colcon_ros.task.ament_python.build:Building ROS package in '/home/ubuntu/workspace/ros2_ws/src/gazebo_environment' with build type 'ament_python'
[1.254s] Level 1:colcon.colcon_core.shell:create_environment_hook('gazebo_environment', 'ament_prefix_path')
[1.268s] INFO:colcon.colcon_core.plugin_system:Skipping extension 'colcon_core.shell.bat': Not used on non-Windows systems
[1.268s] INFO:colcon.colcon_core.shell:Creating environment hook '/home/ubuntu/workspace/ros2_ws/install/gazebo_environment/share/gazebo_environment/hook/ament_prefix_path.ps1'
[1.283s] INFO:colcon.colcon_core.shell:Creating environment descriptor '/home/ubuntu/workspace/ros2_ws/install/gazebo_environment/share/gazebo_environment/hook/ament_prefix_path.dsv'
[1.297s] INFO:colcon.colcon_core.shell:Creating environment hook '/home/ubuntu/workspace/ros2_ws/install/gazebo_environment/share/gazebo_environment/hook/ament_prefix_path.sh'
[1.313s] INFO:colcon.colcon_core.shell:Skip shell extension 'powershell' for command environment: Not usable outside of PowerShell
[1.313s] DEBUG:colcon.colcon_core.shell:Skip shell extension 'dsv' for command environment
[1.371s] INFO:colcon.colcon_ros.task.ament_python.build:Building ROS package in '/home/ubuntu/workspace/ros2_ws/src/trajectory_tracking_control' with build type 'ament_python'
[1.371s] Level 1:colcon.colcon_core.shell:create_environment_hook('trajectory_tracking_control', 'ament_prefix_path')
[1.372s] INFO:colcon.colcon_core.shell:Creating environment hook '/home/ubuntu/workspace/ros2_ws/install/trajectory_tracking_control/share/trajectory_tracking_control/hook/ament_prefix_path.ps1'
[1.387s] INFO:colcon.colcon_core.shell:Creating environment descriptor '/home/ubuntu/workspace/ros2_ws/install/trajectory_tracking_control/share/trajectory_tracking_control/hook/ament_prefix_path.dsv'
[1.402s] INFO:colcon.colcon_core.shell:Creating environment hook '/home/ubuntu/workspace/ros2_ws/install/trajectory_tracking_control/share/trajectory_tracking_control/hook/ament_prefix_path.sh'
[1.418s] INFO:colcon.colcon_core.shell:Skip shell extension 'powershell' for command environment: Not usable outside of PowerShell
[1.418s] DEBUG:colcon.colcon_core.shell:Skip shell extension 'dsv' for command environment
[2.622s] INFO:colcon.colcon_core.task.python.build:Building Python package in '/home/ubuntu/workspace/ros2_ws/src/gazebo_environment'
[2.622s] INFO:colcon.colcon_core.shell:Skip shell extension 'powershell' for command environment: Not usable outside of PowerShell
[2.622s] DEBUG:colcon.colcon_core.shell:Skip shell extension 'dsv' for command environment
[3.781s] INFO:colcon.colcon_core.task.python.build:Building Python package in '/home/ubuntu/workspace/ros2_ws/src/trajectory_tracking_control'
[3.782s] INFO:colcon.colcon_core.shell:Skip shell extension 'powershell' for command environment: Not usable outside of PowerShell
[3.782s] DEBUG:colcon.colcon_core.shell:Skip shell extension 'dsv' for command environment
[5.406s] DEBUG:colcon.colcon_core.event_handler.log_command:Invoking command in '/home/ubuntu/workspace/ros2_ws/src/gazebo_environment': PYTHONPATH=/home/ubuntu/workspace/ros2_ws/build/gazebo_environment/prefix_override:/usr/lib/python3/dist-packages/colcon_core/task/python/colcon_distutils_commands:/home/ubuntu/workspace/ros2_ws/install/gazebo_environment/lib/python3.10/site-packages:${PYTHONPATH} /usr/bin/python3 -W ignore:setup.py install is deprecated -W ignore:easy_install command is deprecated setup.py egg_info --egg-base ../../build/gazebo_environment build --build-base /home/ubuntu/workspace/ros2_ws/build/gazebo_environment/build install --record /home/ubuntu/workspace/ros2_ws/build/gazebo_environment/install.log --single-version-externally-managed install_data
[5.441s] DEBUG:colcon.colcon_core.event_handler.log_command:Invoking command in '/home/ubuntu/workspace/ros2_ws/src/trajectory_tracking_control': PYTHONPATH=/home/ubuntu/workspace/ros2_ws/build/trajectory_tracking_control/prefix_override:/usr/lib/python3/dist-packages/colcon_core/task/python/colcon_distutils_commands:/home/ubuntu/workspace/ros2_ws/install/trajectory_tracking_control/lib/python3.10/site-packages:${PYTHONPATH} /usr/bin/python3 -W ignore:setup.py install is deprecated -W ignore:easy_install command is deprecated setup.py egg_info --egg-base ../../build/trajectory_tracking_control build --build-base /home/ubuntu/workspace/ros2_ws/build/trajectory_tracking_control/build install --record /home/ubuntu/workspace/ros2_ws/build/trajectory_tracking_control/install.log --single-version-externally-managed install_data
[7.643s] DEBUG:colcon.colcon_core.event_handler.log_command:Invoked command in '/home/ubuntu/workspace/ros2_ws/src/gazebo_environment' returned '0': PYTHONPATH=/home/ubuntu/workspace/ros2_ws/build/gazebo_environment/prefix_override:/usr/lib/python3/dist-packages/colcon_core/task/python/colcon_distutils_commands:/home/ubuntu/workspace/ros2_ws/install/gazebo_environment/lib/python3.10/site-packages:${PYTHONPATH} /usr/bin/python3 -W ignore:setup.py install is deprecated -W ignore:easy_install command is deprecated setup.py egg_info --egg-base ../../build/gazebo_environment build --build-base /home/ubuntu/workspace/ros2_ws/build/gazebo_environment/build install --record /home/ubuntu/workspace/ros2_ws/build/gazebo_environment/install.log --single-version-externally-managed install_data
[7.661s] Level 1:colcon.colcon_core.environment:checking '/home/ubuntu/workspace/ros2_ws/install/gazebo_environment' for CMake module files
[7.719s] Level 1:colcon.colcon_core.environment:checking '/home/ubuntu/workspace/ros2_ws/install/gazebo_environment' for CMake config files
[7.846s] Level 1:colcon.colcon_core.environment:checking '/home/ubuntu/workspace/ros2_ws/install/gazebo_environment/lib'
[7.850s] Level 1:colcon.colcon_core.environment:checking '/home/ubuntu/workspace/ros2_ws/install/gazebo_environment/bin'
[7.852s] Level 1:colcon.colcon_core.environment:checking '/home/ubuntu/workspace/ros2_ws/install/gazebo_environment/lib/pkgconfig/gazebo_environment.pc'
[7.853s] Level 1:colcon.colcon_core.environment:checking '/home/ubuntu/workspace/ros2_ws/install/gazebo_environment/lib/python3.10/site-packages'
[7.856s] Level 1:colcon.colcon_core.shell:create_environment_hook('gazebo_environment', 'pythonpath')
[7.857s] INFO:colcon.colcon_core.shell:Creating environment hook '/home/ubuntu/workspace/ros2_ws/install/gazebo_environment/share/gazebo_environment/hook/pythonpath.ps1'
[7.870s] INFO:colcon.colcon_core.shell:Creating environment descriptor '/home/ubuntu/workspace/ros2_ws/install/gazebo_environment/share/gazebo_environment/hook/pythonpath.dsv'
[7.884s] INFO:colcon.colcon_core.shell:Creating environment hook '/home/ubuntu/workspace/ros2_ws/install/gazebo_environment/share/gazebo_environment/hook/pythonpath.sh'
[7.898s] Level 1:colcon.colcon_core.environment:checking '/home/ubuntu/workspace/ros2_ws/install/gazebo_environment/bin'
[7.900s] Level 1:colcon.colcon_core.environment:create_environment_scripts_only(gazebo_environment)
[7.900s] INFO:colcon.colcon_core.shell:Creating package script '/home/ubuntu/workspace/ros2_ws/install/gazebo_environment/share/gazebo_environment/package.ps1'
[7.913s] INFO:colcon.colcon_core.shell:Creating package descriptor '/home/ubuntu/workspace/ros2_ws/install/gazebo_environment/share/gazebo_environment/package.dsv'
[7.926s] INFO:colcon.colcon_core.shell:Creating package script '/home/ubuntu/workspace/ros2_ws/install/gazebo_environment/share/gazebo_environment/package.sh'
[7.939s] INFO:colcon.colcon_core.shell:Creating package script '/home/ubuntu/workspace/ros2_ws/install/gazebo_environment/share/gazebo_environment/package.bash'
[7.951s] INFO:colcon.colcon_core.shell:Creating package script '/home/ubuntu/workspace/ros2_ws/install/gazebo_environment/share/gazebo_environment/package.zsh'
[7.963s] Level 1:colcon.colcon_core.environment:create_file_with_runtime_dependencies(/home/ubuntu/workspace/ros2_ws/install/gazebo_environment/share/colcon-core/packages/gazebo_environment)
[7.973s] Level 1:colcon.colcon_core.environment:checking '/home/ubuntu/workspace/ros2_ws/install/trajectory_tracking_control' for CMake module files
[7.981s] DEBUG:colcon.colcon_core.event_handler.log_command:Invoked command in '/home/ubuntu/workspace/ros2_ws/src/trajectory_tracking_control' returned '0': PYTHONPATH=/home/ubuntu/workspace/ros2_ws/build/trajectory_tracking_control/prefix_override:/usr/lib/python3/dist-packages/colcon_core/task/python/colcon_distutils_commands:/home/ubuntu/workspace/ros2_ws/install/trajectory_tracking_control/lib/python3.10/site-packages:${PYTHONPATH} /usr/bin/python3 -W ignore:setup.py install is deprecated -W ignore:easy_install command is deprecated setup.py egg_info --egg-base ../../build/trajectory_tracking_control build --build-base /home/ubuntu/workspace/ros2_ws/build/trajectory_tracking_control/build install --record /home/ubuntu/workspace/ros2_ws/build/trajectory_tracking_control/install.log --single-version-externally-managed install_data
[8.042s] Level 1:colcon.colcon_core.environment:checking '/home/ubuntu/workspace/ros2_ws/install/trajectory_tracking_control' for CMake config files
[8.151s] Level 1:colcon.colcon_core.environment:checking '/home/ubuntu/workspace/ros2_ws/install/trajectory_tracking_control/lib'
[8.156s] Level 1:colcon.colcon_core.environment:checking '/home/ubuntu/workspace/ros2_ws/install/trajectory_tracking_control/bin'
[8.157s] Level 1:colcon.colcon_core.environment:checking '/home/ubuntu/workspace/ros2_ws/install/trajectory_tracking_control/lib/pkgconfig/trajectory_tracking_control.pc'
[8.159s] Level 1:colcon.colcon_core.environment:checking '/home/ubuntu/workspace/ros2_ws/install/trajectory_tracking_control/lib/python3.10/site-packages'
[8.162s] Level 1:colcon.colcon_core.shell:create_environment_hook('trajectory_tracking_control', 'pythonpath')
[8.162s] INFO:colcon.colcon_core.shell:Creating environment hook '/home/ubuntu/workspace/ros2_ws/install/trajectory_tracking_control/share/trajectory_tracking_control/hook/pythonpath.ps1'
[8.176s] INFO:colcon.colcon_core.shell:Creating environment descriptor '/home/ubuntu/workspace/ros2_ws/install/trajectory_tracking_control/share/trajectory_tracking_control/hook/pythonpath.dsv'
[8.190s] INFO:colcon.colcon_core.shell:Creating environment hook '/home/ubuntu/workspace/ros2_ws/install/trajectory_tracking_control/share/trajectory_tracking_control/hook/pythonpath.sh'
[8.204s] Level 1:colcon.colcon_core.environment:checking '/home/ubuntu/workspace/ros2_ws/install/trajectory_tracking_control/bin'
[8.206s] Level 1:colcon.colcon_core.environment:create_environment_scripts_only(trajectory_tracking_control)
[8.206s] INFO:colcon.colcon_core.shell:Creating package script '/home/ubuntu/workspace/ros2_ws/install/trajectory_tracking_control/share/trajectory_tracking_control/package.ps1'
[8.218s] INFO:colcon.colcon_core.shell:Creating package descriptor '/home/ubuntu/workspace/ros2_ws/install/trajectory_tracking_control/share/trajectory_tracking_control/package.dsv'
[8.230s] INFO:colcon.colcon_core.shell:Creating package script '/home/ubuntu/workspace/ros2_ws/install/trajectory_tracking_control/share/trajectory_tracking_control/package.sh'
[8.243s] INFO:colcon.colcon_core.shell:Creating package script '/home/ubuntu/workspace/ros2_ws/install/trajectory_tracking_control/share/trajectory_tracking_control/package.bash'
[8.255s] INFO:colcon.colcon_core.shell:Creating package script '/home/ubuntu/workspace/ros2_ws/install/trajectory_tracking_control/share/trajectory_tracking_control/package.zsh'
[8.266s] Level 1:colcon.colcon_core.environment:create_file_with_runtime_dependencies(/home/ubuntu/workspace/ros2_ws/install/trajectory_tracking_control/share/colcon-core/packages/trajectory_tracking_control)
[8.275s] DEBUG:colcon.colcon_parallel_executor.executor.parallel:closing loop
[8.276s] DEBUG:colcon.colcon_parallel_executor.executor.parallel:loop closed
[8.276s] DEBUG:colcon.colcon_parallel_executor.executor.parallel:run_until_complete finished with '0'
[8.276s] DEBUG:colcon.colcon_core.event_reactor:joining thread
[8.308s] INFO:colcon.colcon_core.plugin_system:Skipping extension 'colcon_notification.desktop_notification.terminal_notifier': Not used on non-Darwin systems
[8.308s] INFO:colcon.colcon_core.plugin_system:Skipping extension 'colcon_notification.desktop_notification.win32': Not used on non-Windows systems
[8.309s] INFO:colcon.colcon_notification.desktop_notification:Sending desktop notification using 'notify2'
[8.460s] DEBUG:colcon.colcon_core.event_reactor:joined thread
[8.461s] INFO:colcon.colcon_core.shell:Creating prefix script '/home/ubuntu/workspace/ros2_ws/install/local_setup.ps1'
[8.467s] INFO:colcon.colcon_core.shell:Creating prefix util module '/home/ubuntu/workspace/ros2_ws/install/_local_setup_util_ps1.py'
[8.473s] INFO:colcon.colcon_core.shell:Creating prefix chain script '/home/ubuntu/workspace/ros2_ws/install/setup.ps1'
[8.493s] INFO:colcon.colcon_core.shell:Creating prefix script '/home/ubuntu/workspace/ros2_ws/install/local_setup.sh'
[8.498s] INFO:colcon.colcon_core.shell:Creating prefix util module '/home/ubuntu/workspace/ros2_ws/install/_local_setup_util_sh.py'
[8.504s] INFO:colcon.colcon_core.shell:Creating prefix chain script '/home/ubuntu/workspace/ros2_ws/install/setup.sh'
[8.523s] INFO:colcon.colcon_core.shell:Creating prefix script '/home/ubuntu/workspace/ros2_ws/install/local_setup.bash'
[8.529s] INFO:colcon.colcon_core.shell:Creating prefix chain script '/home/ubuntu/workspace/ros2_ws/install/setup.bash'
[8.548s] INFO:colcon.colcon_core.shell:Creating prefix script '/home/ubuntu/workspace/ros2_ws/install/local_setup.zsh'
[8.553s] INFO:colcon.colcon_core.shell:Creating prefix chain script '/home/ubuntu/workspace/ros2_ws/install/setup.zsh'
