[0.000000] (-) TimerEvent: {}
[0.000326] (gazebo_environment) JobQueued: {'identifier': 'gazebo_environment', 'dependencies': OrderedDict()}
[0.000539] (trajectory_tracking_control) JobQueued: {'identifier': 'trajectory_tracking_control', 'dependencies': OrderedDict()}
[0.000747] (gazebo_environment) JobStarted: {'identifier': 'gazebo_environment'}
[0.098628] (-) TimerEvent: {}
[0.114378] (trajectory_tracking_control) JobStarted: {'identifier': 'trajectory_tracking_control'}
[0.198755] (-) TimerEvent: {}
[0.299273] (-) TimerEvent: {}
[0.399761] (-) TimerEvent: {}
[0.500357] (-) TimerEvent: {}
[0.600899] (-) TimerEvent: {}
[0.701695] (-) TimerEvent: {}
[0.802381] (-) TimerEvent: {}
[0.902921] (-) TimerEvent: {}
[1.003434] (-) TimerEvent: {}
[1.104001] (-) TimerEvent: {}
[1.204638] (-) TimerEvent: {}
[1.305163] (-) TimerEvent: {}
[1.405679] (-) TimerEvent: {}
[1.506183] (-) TimerEvent: {}
[1.606715] (-) TimerEvent: {}
[1.707254] (-) TimerEvent: {}
[1.807788] (-) TimerEvent: {}
[1.908279] (-) TimerEvent: {}
[2.008808] (-) TimerEvent: {}
[2.109300] (-) TimerEvent: {}
[2.209848] (-) TimerEvent: {}
[2.310434] (-) TimerEvent: {}
[2.410946] (-) TimerEvent: {}
[2.511523] (-) TimerEvent: {}
[2.612064] (-) TimerEvent: {}
[2.712569] (-) TimerEvent: {}
[2.813230] (-) TimerEvent: {}
[2.913780] (-) TimerEvent: {}
[3.014291] (-) TimerEvent: {}
[3.114963] (-) TimerEvent: {}
[3.215482] (-) TimerEvent: {}
[3.316028] (-) TimerEvent: {}
[3.416499] (-) TimerEvent: {}
[3.462311] (gazebo_environment) Command: {'cmd': ['/usr/bin/python3', '-W', 'ignore:setup.py install is deprecated', '-W', 'ignore:easy_install command is deprecated', 'setup.py', 'egg_info', '--egg-base', '../../build/gazebo_environment', 'build', '--build-base', '/home/ubuntu/workspace/ros2_ws/build/gazebo_environment/build', 'install', '--record', '/home/ubuntu/workspace/ros2_ws/build/gazebo_environment/install.log', '--single-version-externally-managed', 'install_data'], 'cwd': '/home/ubuntu/workspace/ros2_ws/src/gazebo_environment', 'env': {'VNCDESKTOP': '26dfb9747a27:1 (ubuntu)', 'QT_SCALE_FACTOR': '1', 'USER': 'ubuntu', 'SUPERVISOR_GROUP_NAME': 'vnc', 'HOSTNAME': '26dfb9747a27', 'XDG_SESSION_TYPE': 'x11', 'SHLVL': '2', 'LD_LIBRARY_PATH': '/usr/lib/x86_64-linux-gnu/gazebo-11/plugins:/opt/ros/humble/opt/rviz_ogre_vendor/lib:/opt/ros/humble/lib/x86_64-linux-gnu:/opt/ros/humble/lib', 'HOME': '/home/ubuntu', 'ROS_PYTHON_VERSION': '3', 'LC_CTYPE': 'C.UTF-8', 'DBUS_SESSION_BUS_ADDRESS': 'unix:abstract=/tmp/dbus-dDVf3zBZAC,guid=f262a9b557af53e404016dc96831f4bd', 'COLORTERM': 'truecolor', 'GNOME_KEYRING_CONTROL': '/home/ubuntu/.cache/keyring-YM8K72', 'COLCON_PREFIX_PATH': '/home/ubuntu/workspace/ros2_ws/install', 'ROS_DISTRO': 'humble', 'WINDOWID': '33554438', '_': '/usr/bin/colcon', 'ROS_VERSION': '2', 'XDG_SESSION_CLASS': 'user', 'TERM': 'xterm-256color', 'GTK_OVERLAY_SCROLLING': '0', 'ROS_LOCALHOST_ONLY': '0', 'INSIDE_CAJA_PYTHON': '', 'PATH': '/opt/ros/humble/bin:/usr/local/sbin:/usr/local/bin:/usr/sbin:/usr/bin:/sbin:/bin', 'SESSION_MANAGER': 'local/26dfb9747a27:@/tmp/.ICE-unix/75,unix/26dfb9747a27:/tmp/.ICE-unix/75', 'DISPLAY': ':1', 'XDG_CURRENT_DESKTOP': 'MATE', 'SUPERVISOR_ENABLED': '1', 'SSH_AUTH_SOCK': '/home/ubuntu/.cache/keyring-YM8K72/ssh', 'AMENT_PREFIX_PATH': '/home/ubuntu/workspace/ros2_ws/install/gazebo_environment:/home/ubuntu/workspace/ros2_ws/install/trajectory_tracking_control:/opt/ros/humble', 'PASSWD': 'ubuntu', 'SUPERVISOR_SERVER_URL': 'unix:///var/run/supervisor.sock', 'SUPERVISOR_PROCESS_NAME': 'vnc', 'PWD': '/home/ubuntu/workspace/ros2_ws/build/gazebo_environment', 'PYTHONPATH': '/home/ubuntu/workspace/ros2_ws/build/gazebo_environment/prefix_override:/usr/lib/python3/dist-packages/colcon_core/task/python/colcon_distutils_commands:/home/ubuntu/workspace/ros2_ws/install/gazebo_environment/lib/python3.10/site-packages:/home/ubuntu/workspace/ros2_ws/install/gazebo_environment/lib/python3.10/site-packages:/home/ubuntu/workspace/ros2_ws/build/trajectory_tracking_control:/home/ubuntu/workspace/ros2_ws/install/trajectory_tracking_control/lib/python3.10/site-packages:/opt/ros/humble/lib/python3.10/site-packages:/opt/ros/humble/local/lib/python3.10/dist-packages', 'MATE_DESKTOP_SESSION_ID': 'this-is-deprecated', 'COLCON': '1', 'VTE_VERSION': '6800', 'QT_FONT_DPI': '96'}, 'shell': False}
[3.485042] (trajectory_tracking_control) Command: {'cmd': ['/usr/bin/python3', '-W', 'ignore:setup.py install is deprecated', '-W', 'ignore:easy_install command is deprecated', 'setup.py', 'develop', '--uninstall', '--editable', '--build-directory', '/home/ubuntu/workspace/ros2_ws/build/trajectory_tracking_control/build'], 'cwd': '/home/ubuntu/workspace/ros2_ws/build/trajectory_tracking_control', 'env': {'VNCDESKTOP': '26dfb9747a27:1 (ubuntu)', 'QT_SCALE_FACTOR': '1', 'USER': 'ubuntu', 'SUPERVISOR_GROUP_NAME': 'vnc', 'HOSTNAME': '26dfb9747a27', 'XDG_SESSION_TYPE': 'x11', 'SHLVL': '2', 'LD_LIBRARY_PATH': '/usr/lib/x86_64-linux-gnu/gazebo-11/plugins:/opt/ros/humble/opt/rviz_ogre_vendor/lib:/opt/ros/humble/lib/x86_64-linux-gnu:/opt/ros/humble/lib', 'HOME': '/home/ubuntu', 'ROS_PYTHON_VERSION': '3', 'LC_CTYPE': 'C.UTF-8', 'DBUS_SESSION_BUS_ADDRESS': 'unix:abstract=/tmp/dbus-dDVf3zBZAC,guid=f262a9b557af53e404016dc96831f4bd', 'COLORTERM': 'truecolor', 'GNOME_KEYRING_CONTROL': '/home/ubuntu/.cache/keyring-YM8K72', 'COLCON_PREFIX_PATH': '/home/ubuntu/workspace/ros2_ws/install', 'ROS_DISTRO': 'humble', 'WINDOWID': '33554438', '_': '/usr/bin/colcon', 'ROS_VERSION': '2', 'XDG_SESSION_CLASS': 'user', 'TERM': 'xterm-256color', 'GTK_OVERLAY_SCROLLING': '0', 'ROS_LOCALHOST_ONLY': '0', 'INSIDE_CAJA_PYTHON': '', 'PATH': '/opt/ros/humble/bin:/usr/local/sbin:/usr/local/bin:/usr/sbin:/usr/bin:/sbin:/bin', 'SESSION_MANAGER': 'local/26dfb9747a27:@/tmp/.ICE-unix/75,unix/26dfb9747a27:/tmp/.ICE-unix/75', 'DISPLAY': ':1', 'XDG_CURRENT_DESKTOP': 'MATE', 'SUPERVISOR_ENABLED': '1', 'SSH_AUTH_SOCK': '/home/ubuntu/.cache/keyring-YM8K72/ssh', 'AMENT_PREFIX_PATH': '/home/ubuntu/workspace/ros2_ws/install/gazebo_environment:/home/ubuntu/workspace/ros2_ws/install/trajectory_tracking_control:/opt/ros/humble', 'PASSWD': 'ubuntu', 'SUPERVISOR_SERVER_URL': 'unix:///var/run/supervisor.sock', 'SUPERVISOR_PROCESS_NAME': 'vnc', 'PWD': '/home/ubuntu/workspace/ros2_ws/build/trajectory_tracking_control', 'PYTHONPATH': '/home/ubuntu/workspace/ros2_ws/build/trajectory_tracking_control/prefix_override:/usr/lib/python3/dist-packages/colcon_core/task/python/colcon_distutils_commands:/home/ubuntu/workspace/ros2_ws/install/trajectory_tracking_control/lib/python3.10/site-packages:/home/ubuntu/workspace/ros2_ws/install/gazebo_environment/lib/python3.10/site-packages:/home/ubuntu/workspace/ros2_ws/build/trajectory_tracking_control:/home/ubuntu/workspace/ros2_ws/install/trajectory_tracking_control/lib/python3.10/site-packages:/opt/ros/humble/lib/python3.10/site-packages:/opt/ros/humble/local/lib/python3.10/dist-packages', 'MATE_DESKTOP_SESSION_ID': 'this-is-deprecated', 'COLCON': '1', 'VTE_VERSION': '6800', 'QT_FONT_DPI': '96'}, 'shell': False}
[3.516622] (-) TimerEvent: {}
[3.617190] (-) TimerEvent: {}
[3.717699] (-) TimerEvent: {}
[3.818242] (-) TimerEvent: {}
[3.918801] (-) TimerEvent: {}
[4.019305] (-) TimerEvent: {}
[4.119809] (-) TimerEvent: {}
[4.220395] (-) TimerEvent: {}
[4.320915] (-) TimerEvent: {}
[4.421475] (-) TimerEvent: {}
[4.463601] (gazebo_environment) StdoutLine: {'line': b'running egg_info\n'}
[4.467416] (gazebo_environment) StdoutLine: {'line': b'creating ../../build/gazebo_environment/gazebo_environment.egg-info\n'}
[4.470090] (gazebo_environment) StdoutLine: {'line': b'writing ../../build/gazebo_environment/gazebo_environment.egg-info/PKG-INFO\n'}
[4.480088] (gazebo_environment) StdoutLine: {'line': b'writing dependency_links to ../../build/gazebo_environment/gazebo_environment.egg-info/dependency_links.txt\n'}
[4.488403] (gazebo_environment) StdoutLine: {'line': b'writing entry points to ../../build/gazebo_environment/gazebo_environment.egg-info/entry_points.txt\n'}
[4.492534] (gazebo_environment) StdoutLine: {'line': b'writing requirements to ../../build/gazebo_environment/gazebo_environment.egg-info/requires.txt\n'}
[4.495671] (gazebo_environment) StdoutLine: {'line': b'writing top-level names to ../../build/gazebo_environment/gazebo_environment.egg-info/top_level.txt\n'}
[4.500990] (gazebo_environment) StdoutLine: {'line': b"writing manifest file '../../build/gazebo_environment/gazebo_environment.egg-info/SOURCES.txt'\n"}
[4.521608] (-) TimerEvent: {}
[4.543958] (trajectory_tracking_control) StdoutLine: {'line': b'running develop\n'}
[4.558377] (gazebo_environment) StdoutLine: {'line': b"reading manifest file '../../build/gazebo_environment/gazebo_environment.egg-info/SOURCES.txt'\n"}
[4.621740] (-) TimerEvent: {}
[4.623128] (gazebo_environment) StdoutLine: {'line': b"writing manifest file '../../build/gazebo_environment/gazebo_environment.egg-info/SOURCES.txt'\n"}
[4.626186] (gazebo_environment) StdoutLine: {'line': b'running build\n'}
[4.627088] (gazebo_environment) StdoutLine: {'line': b'running build_py\n'}
[4.631068] (gazebo_environment) StdoutLine: {'line': b'creating /home/ubuntu/workspace/ros2_ws/build/gazebo_environment/build\n'}
[4.632594] (gazebo_environment) StdoutLine: {'line': b'creating /home/ubuntu/workspace/ros2_ws/build/gazebo_environment/build/lib\n'}
[4.634844] (gazebo_environment) StdoutLine: {'line': b'creating /home/ubuntu/workspace/ros2_ws/build/gazebo_environment/build/lib/gazebo_environment\n'}
[4.643589] (gazebo_environment) StdoutLine: {'line': b'copying gazebo_environment/odometry_tf.py -> /home/ubuntu/workspace/ros2_ws/build/gazebo_environment/build/lib/gazebo_environment\n'}
[4.665243] (gazebo_environment) StdoutLine: {'line': b'copying gazebo_environment/__init__.py -> /home/ubuntu/workspace/ros2_ws/build/gazebo_environment/build/lib/gazebo_environment\n'}
[4.679331] (gazebo_environment) StdoutLine: {'line': b'running install\n'}
[4.680310] (gazebo_environment) StdoutLine: {'line': b'running install_lib\n'}
[4.700824] (gazebo_environment) StdoutLine: {'line': b'creating /home/ubuntu/workspace/ros2_ws/install/gazebo_environment/lib/python3.10/site-packages/gazebo_environment\n'}
[4.718298] (gazebo_environment) StdoutLine: {'line': b'copying /home/ubuntu/workspace/ros2_ws/build/gazebo_environment/build/lib/gazebo_environment/odometry_tf.py -> /home/ubuntu/workspace/ros2_ws/install/gazebo_environment/lib/python3.10/site-packages/gazebo_environment\n'}
[4.721824] (-) TimerEvent: {}
[4.753811] (gazebo_environment) StdoutLine: {'line': b'copying /home/ubuntu/workspace/ros2_ws/build/gazebo_environment/build/lib/gazebo_environment/__init__.py -> /home/ubuntu/workspace/ros2_ws/install/gazebo_environment/lib/python3.10/site-packages/gazebo_environment\n'}
[4.791653] (gazebo_environment) StdoutLine: {'line': b'byte-compiling /home/ubuntu/workspace/ros2_ws/install/gazebo_environment/lib/python3.10/site-packages/gazebo_environment/odometry_tf.py to odometry_tf.cpython-310.pyc\n'}
[4.821973] (-) TimerEvent: {}
[4.833762] (gazebo_environment) StdoutLine: {'line': b'byte-compiling /home/ubuntu/workspace/ros2_ws/install/gazebo_environment/lib/python3.10/site-packages/gazebo_environment/__init__.py to __init__.cpython-310.pyc\n'}
[4.867098] (gazebo_environment) StdoutLine: {'line': b'running install_data\n'}
[4.875172] (gazebo_environment) StdoutLine: {'line': b'creating /home/ubuntu/workspace/ros2_ws/install/gazebo_environment/share/ament_index\n'}
[4.878117] (gazebo_environment) StdoutLine: {'line': b'creating /home/ubuntu/workspace/ros2_ws/install/gazebo_environment/share/ament_index/resource_index\n'}
[4.881290] (gazebo_environment) StdoutLine: {'line': b'creating /home/ubuntu/workspace/ros2_ws/install/gazebo_environment/share/ament_index/resource_index/packages\n'}
[4.892728] (gazebo_environment) StdoutLine: {'line': b'copying resource/gazebo_environment -> /home/ubuntu/workspace/ros2_ws/install/gazebo_environment/share/ament_index/resource_index/packages\n'}
[4.915701] (gazebo_environment) StdoutLine: {'line': b'copying package.xml -> /home/ubuntu/workspace/ros2_ws/install/gazebo_environment/share/gazebo_environment\n'}
[4.922111] (-) TimerEvent: {}
[4.933858] (gazebo_environment) StdoutLine: {'line': b'creating /home/ubuntu/workspace/ros2_ws/install/gazebo_environment/share/gazebo_environment/urdf\n'}
[4.943508] (gazebo_environment) StdoutLine: {'line': b'copying urdf/common_properties.urdf.xacro -> /home/ubuntu/workspace/ros2_ws/install/gazebo_environment/share/gazebo_environment/urdf\n'}
[4.967272] (gazebo_environment) StdoutLine: {'line': b'copying urdf/diff_drive_robot.urdf -> /home/ubuntu/workspace/ros2_ws/install/gazebo_environment/share/gazebo_environment/urdf\n'}
[4.981433] (trajectory_tracking_control) StdoutLine: {'line': b'Removing /home/ubuntu/workspace/ros2_ws/install/trajectory_tracking_control/lib/python3.10/site-packages/trajectory-tracking-control.egg-link (link to .)\n'}
[4.991477] (gazebo_environment) StdoutLine: {'line': b'copying urdf/oakd.urdf.xacro -> /home/ubuntu/workspace/ros2_ws/install/gazebo_environment/share/gazebo_environment/urdf\n'}
[5.016097] (gazebo_environment) StdoutLine: {'line': b'copying urdf/robot.urdf -> /home/ubuntu/workspace/ros2_ws/install/gazebo_environment/share/gazebo_environment/urdf\n'}
[5.017946] (trajectory_tracking_control) CommandEnded: {'returncode': 0}
[5.022216] (-) TimerEvent: {}
[5.029784] (trajectory_tracking_control) Command: {'cmd': ['/usr/bin/python3', '-W', 'ignore:setup.py install is deprecated', '-W', 'ignore:easy_install command is deprecated', 'setup.py', 'egg_info', '--egg-base', '../../build/trajectory_tracking_control', 'build', '--build-base', '/home/ubuntu/workspace/ros2_ws/build/trajectory_tracking_control/build', 'install', '--record', '/home/ubuntu/workspace/ros2_ws/build/trajectory_tracking_control/install.log', '--single-version-externally-managed', 'install_data', '--force'], 'cwd': '/home/ubuntu/workspace/ros2_ws/src/trajectory_tracking_control', 'env': {'VNCDESKTOP': '26dfb9747a27:1 (ubuntu)', 'QT_SCALE_FACTOR': '1', 'USER': 'ubuntu', 'SUPERVISOR_GROUP_NAME': 'vnc', 'HOSTNAME': '26dfb9747a27', 'XDG_SESSION_TYPE': 'x11', 'SHLVL': '2', 'LD_LIBRARY_PATH': '/usr/lib/x86_64-linux-gnu/gazebo-11/plugins:/opt/ros/humble/opt/rviz_ogre_vendor/lib:/opt/ros/humble/lib/x86_64-linux-gnu:/opt/ros/humble/lib', 'HOME': '/home/ubuntu', 'ROS_PYTHON_VERSION': '3', 'LC_CTYPE': 'C.UTF-8', 'DBUS_SESSION_BUS_ADDRESS': 'unix:abstract=/tmp/dbus-dDVf3zBZAC,guid=f262a9b557af53e404016dc96831f4bd', 'COLORTERM': 'truecolor', 'GNOME_KEYRING_CONTROL': '/home/ubuntu/.cache/keyring-YM8K72', 'COLCON_PREFIX_PATH': '/home/ubuntu/workspace/ros2_ws/install', 'ROS_DISTRO': 'humble', 'WINDOWID': '33554438', '_': '/usr/bin/colcon', 'ROS_VERSION': '2', 'XDG_SESSION_CLASS': 'user', 'TERM': 'xterm-256color', 'GTK_OVERLAY_SCROLLING': '0', 'ROS_LOCALHOST_ONLY': '0', 'INSIDE_CAJA_PYTHON': '', 'PATH': '/opt/ros/humble/bin:/usr/local/sbin:/usr/local/bin:/usr/sbin:/usr/bin:/sbin:/bin', 'SESSION_MANAGER': 'local/26dfb9747a27:@/tmp/.ICE-unix/75,unix/26dfb9747a27:/tmp/.ICE-unix/75', 'DISPLAY': ':1', 'XDG_CURRENT_DESKTOP': 'MATE', 'SUPERVISOR_ENABLED': '1', 'SSH_AUTH_SOCK': '/home/ubuntu/.cache/keyring-YM8K72/ssh', 'AMENT_PREFIX_PATH': '/home/ubuntu/workspace/ros2_ws/install/gazebo_environment:/home/ubuntu/workspace/ros2_ws/install/trajectory_tracking_control:/opt/ros/humble', 'PASSWD': 'ubuntu', 'SUPERVISOR_SERVER_URL': 'unix:///var/run/supervisor.sock', 'SUPERVISOR_PROCESS_NAME': 'vnc', 'PWD': '/home/ubuntu/workspace/ros2_ws/build/trajectory_tracking_control', 'PYTHONPATH': '/home/ubuntu/workspace/ros2_ws/build/trajectory_tracking_control/prefix_override:/usr/lib/python3/dist-packages/colcon_core/task/python/colcon_distutils_commands:/home/ubuntu/workspace/ros2_ws/install/trajectory_tracking_control/lib/python3.10/site-packages:/home/ubuntu/workspace/ros2_ws/install/gazebo_environment/lib/python3.10/site-packages:/home/ubuntu/workspace/ros2_ws/build/trajectory_tracking_control:/home/ubuntu/workspace/ros2_ws/install/trajectory_tracking_control/lib/python3.10/site-packages:/opt/ros/humble/lib/python3.10/site-packages:/opt/ros/humble/local/lib/python3.10/dist-packages', 'MATE_DESKTOP_SESSION_ID': 'this-is-deprecated', 'COLCON': '1', 'VTE_VERSION': '6800', 'QT_FONT_DPI': '96'}, 'shell': False}
[5.042197] (gazebo_environment) StdoutLine: {'line': b'copying urdf/robott.urdf -> /home/ubuntu/workspace/ros2_ws/install/gazebo_environment/share/gazebo_environment/urdf\n'}
[5.064424] (gazebo_environment) StdoutLine: {'line': b'copying urdf/tutorial_robot.urdf -> /home/ubuntu/workspace/ros2_ws/install/gazebo_environment/share/gazebo_environment/urdf\n'}
[5.085515] (gazebo_environment) StdoutLine: {'line': b'creating /home/ubuntu/workspace/ros2_ws/install/gazebo_environment/share/gazebo_environment/meshes\n'}
[5.095349] (gazebo_environment) StdoutLine: {'line': b'copying meshes/oakd_pro.dae -> /home/ubuntu/workspace/ros2_ws/install/gazebo_environment/share/gazebo_environment/meshes\n'}
[5.122357] (-) TimerEvent: {}
[5.222876] (-) TimerEvent: {}
[5.323459] (-) TimerEvent: {}
[5.376535] (gazebo_environment) StdoutLine: {'line': b'copying meshes/smart_car.obj -> /home/ubuntu/workspace/ros2_ws/install/gazebo_environment/share/gazebo_environment/meshes\n'}
[5.423590] (-) TimerEvent: {}
[5.465313] (gazebo_environment) StdoutLine: {'line': b'creating /home/ubuntu/workspace/ros2_ws/install/gazebo_environment/share/gazebo_environment/worlds\n'}
[5.475898] (gazebo_environment) StdoutLine: {'line': b'copying worlds/demo_world.sdf -> /home/ubuntu/workspace/ros2_ws/install/gazebo_environment/share/gazebo_environment/worlds\n'}
[5.497837] (gazebo_environment) StdoutLine: {'line': b'copying worlds/sonoma.sdf -> /home/ubuntu/workspace/ros2_ws/install/gazebo_environment/share/gazebo_environment/worlds\n'}
[5.517842] (gazebo_environment) StdoutLine: {'line': b'creating /home/ubuntu/workspace/ros2_ws/install/gazebo_environment/share/gazebo_environment/launch\n'}
[5.523702] (-) TimerEvent: {}
[5.527026] (gazebo_environment) StdoutLine: {'line': b'copying launch/rviz.launch.py -> /home/ubuntu/workspace/ros2_ws/install/gazebo_environment/share/gazebo_environment/launch\n'}
[5.550390] (gazebo_environment) StdoutLine: {'line': b'copying launch/simulation.launch.py -> /home/ubuntu/workspace/ros2_ws/install/gazebo_environment/share/gazebo_environment/launch\n'}
[5.574434] (gazebo_environment) StdoutLine: {'line': b'copying launch/sonoma.launch.py -> /home/ubuntu/workspace/ros2_ws/install/gazebo_environment/share/gazebo_environment/launch\n'}
[5.596038] (gazebo_environment) StdoutLine: {'line': b'creating /home/ubuntu/workspace/ros2_ws/install/gazebo_environment/share/gazebo_environment/rviz\n'}
[5.606113] (gazebo_environment) StdoutLine: {'line': b'copying rviz/config.rviz -> /home/ubuntu/workspace/ros2_ws/install/gazebo_environment/share/gazebo_environment/rviz\n'}
[5.620987] (gazebo_environment) StdoutLine: {'line': b'running install_egg_info\n'}
[5.623791] (-) TimerEvent: {}
[5.640265] (gazebo_environment) StdoutLine: {'line': b'Copying ../../build/gazebo_environment/gazebo_environment.egg-info to /home/ubuntu/workspace/ros2_ws/install/gazebo_environment/lib/python3.10/site-packages/gazebo_environment-1.0.0-py3.10.egg-info\n'}
[5.723936] (-) TimerEvent: {}
[5.824585] (-) TimerEvent: {}
[5.893190] (gazebo_environment) StdoutLine: {'line': b'running install_scripts\n'}
[5.924723] (-) TimerEvent: {}
[6.007349] (gazebo_environment) StdoutLine: {'line': b'Installing odometry_tf script to /home/ubuntu/workspace/ros2_ws/install/gazebo_environment/lib/gazebo_environment\n'}
[6.014257] (gazebo_environment) StdoutLine: {'line': b"writing list of installed files to '/home/ubuntu/workspace/ros2_ws/build/gazebo_environment/install.log'\n"}
[6.024853] (-) TimerEvent: {}
[6.038742] (gazebo_environment) CommandEnded: {'returncode': 0}
[6.124981] (-) TimerEvent: {}
[6.225465] (-) TimerEvent: {}
[6.235404] (trajectory_tracking_control) StdoutLine: {'line': b'running egg_info\n'}
[6.242157] (trajectory_tracking_control) StdoutLine: {'line': b'writing ../../build/trajectory_tracking_control/trajectory_tracking_control.egg-info/PKG-INFO\n'}
[6.249529] (trajectory_tracking_control) StdoutLine: {'line': b'writing dependency_links to ../../build/trajectory_tracking_control/trajectory_tracking_control.egg-info/dependency_links.txt\n'}
[6.256440] (trajectory_tracking_control) StdoutLine: {'line': b'writing entry points to ../../build/trajectory_tracking_control/trajectory_tracking_control.egg-info/entry_points.txt\n'}
[6.261803] (trajectory_tracking_control) StdoutLine: {'line': b'writing requirements to ../../build/trajectory_tracking_control/trajectory_tracking_control.egg-info/requires.txt\n'}
[6.265363] (trajectory_tracking_control) StdoutLine: {'line': b'writing top-level names to ../../build/trajectory_tracking_control/trajectory_tracking_control.egg-info/top_level.txt\n'}
[6.312189] (trajectory_tracking_control) StdoutLine: {'line': b"reading manifest file '../../build/trajectory_tracking_control/trajectory_tracking_control.egg-info/SOURCES.txt'\n"}
[6.325588] (-) TimerEvent: {}
[6.337123] (gazebo_environment) JobEnded: {'identifier': 'gazebo_environment', 'rc': 0}
[6.392701] (trajectory_tracking_control) StdoutLine: {'line': b"writing manifest file '../../build/trajectory_tracking_control/trajectory_tracking_control.egg-info/SOURCES.txt'\n"}
[6.395941] (trajectory_tracking_control) StdoutLine: {'line': b'running build\n'}
[6.396692] (trajectory_tracking_control) StdoutLine: {'line': b'running build_py\n'}
[6.403282] (trajectory_tracking_control) StdoutLine: {'line': b'creating /home/ubuntu/workspace/ros2_ws/build/trajectory_tracking_control/build\n'}
[6.405194] (trajectory_tracking_control) StdoutLine: {'line': b'creating /home/ubuntu/workspace/ros2_ws/build/trajectory_tracking_control/build/lib\n'}
[6.407271] (trajectory_tracking_control) StdoutLine: {'line': b'creating /home/ubuntu/workspace/ros2_ws/build/trajectory_tracking_control/build/lib/trajectory_tracking_control\n'}
[6.416266] (trajectory_tracking_control) StdoutLine: {'line': b'copying trajectory_tracking_control/cmd_mixer.py -> /home/ubuntu/workspace/ros2_ws/build/trajectory_tracking_control/build/lib/trajectory_tracking_control\n'}
[6.425703] (-) TimerEvent: {}
[6.438558] (trajectory_tracking_control) StdoutLine: {'line': b'copying trajectory_tracking_control/pid_controller.py -> /home/ubuntu/workspace/ros2_ws/build/trajectory_tracking_control/build/lib/trajectory_tracking_control\n'}
[6.462276] (trajectory_tracking_control) StdoutLine: {'line': b'copying trajectory_tracking_control/pure_pursuit.py -> /home/ubuntu/workspace/ros2_ws/build/trajectory_tracking_control/build/lib/trajectory_tracking_control\n'}
[6.485995] (trajectory_tracking_control) StdoutLine: {'line': b'copying trajectory_tracking_control/waypoint_reader.py -> /home/ubuntu/workspace/ros2_ws/build/trajectory_tracking_control/build/lib/trajectory_tracking_control\n'}
[6.511828] (trajectory_tracking_control) StdoutLine: {'line': b'copying trajectory_tracking_control/__init__.py -> /home/ubuntu/workspace/ros2_ws/build/trajectory_tracking_control/build/lib/trajectory_tracking_control\n'}
[6.525843] (-) TimerEvent: {}
[6.526195] (trajectory_tracking_control) StdoutLine: {'line': b'running install\n'}
[6.526951] (trajectory_tracking_control) StdoutLine: {'line': b'running install_lib\n'}
[6.550646] (trajectory_tracking_control) StdoutLine: {'line': b'creating /home/ubuntu/workspace/ros2_ws/install/trajectory_tracking_control/lib/python3.10/site-packages/trajectory_tracking_control\n'}
[6.569098] (trajectory_tracking_control) StdoutLine: {'line': b'copying /home/ubuntu/workspace/ros2_ws/build/trajectory_tracking_control/build/lib/trajectory_tracking_control/cmd_mixer.py -> /home/ubuntu/workspace/ros2_ws/install/trajectory_tracking_control/lib/python3.10/site-packages/trajectory_tracking_control\n'}
[6.607709] (trajectory_tracking_control) StdoutLine: {'line': b'copying /home/ubuntu/workspace/ros2_ws/build/trajectory_tracking_control/build/lib/trajectory_tracking_control/pid_controller.py -> /home/ubuntu/workspace/ros2_ws/install/trajectory_tracking_control/lib/python3.10/site-packages/trajectory_tracking_control\n'}
[6.625975] (-) TimerEvent: {}
[6.642547] (trajectory_tracking_control) StdoutLine: {'line': b'copying /home/ubuntu/workspace/ros2_ws/build/trajectory_tracking_control/build/lib/trajectory_tracking_control/pure_pursuit.py -> /home/ubuntu/workspace/ros2_ws/install/trajectory_tracking_control/lib/python3.10/site-packages/trajectory_tracking_control\n'}
[6.677998] (trajectory_tracking_control) StdoutLine: {'line': b'copying /home/ubuntu/workspace/ros2_ws/build/trajectory_tracking_control/build/lib/trajectory_tracking_control/waypoint_reader.py -> /home/ubuntu/workspace/ros2_ws/install/trajectory_tracking_control/lib/python3.10/site-packages/trajectory_tracking_control\n'}
[6.713422] (trajectory_tracking_control) StdoutLine: {'line': b'copying /home/ubuntu/workspace/ros2_ws/build/trajectory_tracking_control/build/lib/trajectory_tracking_control/__init__.py -> /home/ubuntu/workspace/ros2_ws/install/trajectory_tracking_control/lib/python3.10/site-packages/trajectory_tracking_control\n'}
[6.726119] (-) TimerEvent: {}
[6.754093] (trajectory_tracking_control) StdoutLine: {'line': b'byte-compiling /home/ubuntu/workspace/ros2_ws/install/trajectory_tracking_control/lib/python3.10/site-packages/trajectory_tracking_control/cmd_mixer.py to cmd_mixer.cpython-310.pyc\n'}
[6.795460] (trajectory_tracking_control) StdoutLine: {'line': b'byte-compiling /home/ubuntu/workspace/ros2_ws/install/trajectory_tracking_control/lib/python3.10/site-packages/trajectory_tracking_control/pid_controller.py to pid_controller.cpython-310.pyc\n'}
[6.826257] (-) TimerEvent: {}
[6.838584] (trajectory_tracking_control) StdoutLine: {'line': b'byte-compiling /home/ubuntu/workspace/ros2_ws/install/trajectory_tracking_control/lib/python3.10/site-packages/trajectory_tracking_control/pure_pursuit.py to pure_pursuit.cpython-310.pyc\n'}
[6.880299] (trajectory_tracking_control) StdoutLine: {'line': b'byte-compiling /home/ubuntu/workspace/ros2_ws/install/trajectory_tracking_control/lib/python3.10/site-packages/trajectory_tracking_control/waypoint_reader.py to waypoint_reader.cpython-310.pyc\n'}
[6.922078] (trajectory_tracking_control) StdoutLine: {'line': b'byte-compiling /home/ubuntu/workspace/ros2_ws/install/trajectory_tracking_control/lib/python3.10/site-packages/trajectory_tracking_control/__init__.py to __init__.cpython-310.pyc\n'}
[6.926347] (-) TimerEvent: {}
[6.956323] (trajectory_tracking_control) StdoutLine: {'line': b'running install_data\n'}
[6.964415] (trajectory_tracking_control) StdoutLine: {'line': b'copying resource/trajectory_tracking_control -> /home/ubuntu/workspace/ros2_ws/install/trajectory_tracking_control/share/ament_index/resource_index/packages\n'}
[6.992488] (trajectory_tracking_control) StdoutLine: {'line': b'copying package.xml -> /home/ubuntu/workspace/ros2_ws/install/trajectory_tracking_control/share/trajectory_tracking_control\n'}
[7.016054] (trajectory_tracking_control) StdoutLine: {'line': b'copying resource/sonoma_waypoints.txt -> /home/ubuntu/workspace/ros2_ws/install/trajectory_tracking_control/share/trajectory_tracking_control/resource\n'}
[7.026491] (-) TimerEvent: {}
[7.063862] (trajectory_tracking_control) StdoutLine: {'line': b'copying launch/gazebo_trajectory.launch.py -> /home/ubuntu/workspace/ros2_ws/install/trajectory_tracking_control/share/trajectory_tracking_control/launch\n'}
[7.086926] (trajectory_tracking_control) StdoutLine: {'line': b'running install_egg_info\n'}
[7.108042] (trajectory_tracking_control) StdoutLine: {'line': b'Copying ../../build/trajectory_tracking_control/trajectory_tracking_control.egg-info to /home/ubuntu/workspace/ros2_ws/install/trajectory_tracking_control/lib/python3.10/site-packages/trajectory_tracking_control-0.0.0-py3.10.egg-info\n'}
[7.126621] (-) TimerEvent: {}
[7.227225] (-) TimerEvent: {}
[7.327842] (-) TimerEvent: {}
[7.378297] (trajectory_tracking_control) StdoutLine: {'line': b'running install_scripts\n'}
[7.427966] (-) TimerEvent: {}
[7.492263] (trajectory_tracking_control) StdoutLine: {'line': b'Installing cmd_mixer script to /home/ubuntu/workspace/ros2_ws/install/trajectory_tracking_control/lib/trajectory_tracking_control\n'}
[7.504387] (trajectory_tracking_control) StdoutLine: {'line': b'Installing pid_controller script to /home/ubuntu/workspace/ros2_ws/install/trajectory_tracking_control/lib/trajectory_tracking_control\n'}
[7.515657] (trajectory_tracking_control) StdoutLine: {'line': b'Installing pure_pursuit script to /home/ubuntu/workspace/ros2_ws/install/trajectory_tracking_control/lib/trajectory_tracking_control\n'}
[7.526920] (trajectory_tracking_control) StdoutLine: {'line': b'Installing waypoint_reader script to /home/ubuntu/workspace/ros2_ws/install/trajectory_tracking_control/lib/trajectory_tracking_control\n'}
[7.528059] (-) TimerEvent: {}
[7.540127] (trajectory_tracking_control) StdoutLine: {'line': b"writing list of installed files to '/home/ubuntu/workspace/ros2_ws/build/trajectory_tracking_control/install.log'\n"}
[7.564991] (trajectory_tracking_control) CommandEnded: {'returncode': 0}
[7.628196] (-) TimerEvent: {}
[7.728675] (-) TimerEvent: {}
[7.829241] (-) TimerEvent: {}
[7.856772] (trajectory_tracking_control) JobEnded: {'identifier': 'trajectory_tracking_control', 'rc': 0}
[7.864391] (-) EventReactorShutdown: {}
