[4.150s] Invoking command in '/home/ubuntu/workspace/ros2_ws/src/gazebo_environment': PYTHONPATH=/home/ubuntu/workspace/ros2_ws/build/gazebo_environment/prefix_override:/usr/lib/python3/dist-packages/colcon_core/task/python/colcon_distutils_commands:/home/ubuntu/workspace/ros2_ws/install/gazebo_environment/lib/python3.10/site-packages:${PYTHONPATH} /usr/bin/python3 -W ignore:setup.py install is deprecated -W ignore:easy_install command is deprecated setup.py egg_info --egg-base ../../build/gazebo_environment build --build-base /home/ubuntu/workspace/ros2_ws/build/gazebo_environment/build install --record /home/ubuntu/workspace/ros2_ws/build/gazebo_environment/install.log --single-version-externally-managed install_data
[5.366s] running egg_info
[5.372s] writing ../../build/gazebo_environment/gazebo_environment.egg-info/PKG-INFO
[5.380s] writing dependency_links to ../../build/gazebo_environment/gazebo_environment.egg-info/dependency_links.txt
[5.387s] writing entry points to ../../build/gazebo_environment/gazebo_environment.egg-info/entry_points.txt
[5.392s] writing requirements to ../../build/gazebo_environment/gazebo_environment.egg-info/requires.txt
[5.397s] writing top-level names to ../../build/gazebo_environment/gazebo_environment.egg-info/top_level.txt
[5.462s] reading manifest file '../../build/gazebo_environment/gazebo_environment.egg-info/SOURCES.txt'
[5.559s] writing manifest file '../../build/gazebo_environment/gazebo_environment.egg-info/SOURCES.txt'
[5.561s] running build
[5.562s] running build_py
[5.594s] running install
[5.595s] running install_lib
[5.700s] running install_data
[5.903s] running install_egg_info
[5.915s] removing '/home/ubuntu/workspace/ros2_ws/install/gazebo_environment/lib/python3.10/site-packages/gazebo_environment-1.0.0-py3.10.egg-info' (and everything under it)
[5.974s] Copying ../../build/gazebo_environment/gazebo_environment.egg-info to /home/ubuntu/workspace/ros2_ws/install/gazebo_environment/lib/python3.10/site-packages/gazebo_environment-1.0.0-py3.10.egg-info
[6.251s] running install_scripts
[6.349s] Installing odometry_tf script to /home/ubuntu/workspace/ros2_ws/install/gazebo_environment/lib/gazebo_environment
[6.363s] writing list of installed files to '/home/ubuntu/workspace/ros2_ws/build/gazebo_environment/install.log'
[6.388s] Invoked command in '/home/ubuntu/workspace/ros2_ws/src/gazebo_environment' returned '0': PYTHONPATH=/home/ubuntu/workspace/ros2_ws/build/gazebo_environment/prefix_override:/usr/lib/python3/dist-packages/colcon_core/task/python/colcon_distutils_commands:/home/ubuntu/workspace/ros2_ws/install/gazebo_environment/lib/python3.10/site-packages:${PYTHONPATH} /usr/bin/python3 -W ignore:setup.py install is deprecated -W ignore:easy_install command is deprecated setup.py egg_info --egg-base ../../build/gazebo_environment build --build-base /home/ubuntu/workspace/ros2_ws/build/gazebo_environment/build install --record /home/ubuntu/workspace/ros2_ws/build/gazebo_environment/install.log --single-version-externally-managed install_data
